projetokotlin/appkotlin/androidApp/build/intermediates/manifest_merge_blame_file/debug/processDebugMainManifest/manifest-merger-blame-debug-report.txt
1<?xml version="1.0" encoding="utf-8"?>
2<manifest xmlns:android="http://schemas.android.com/apk/res/android"
3    package="com.appkmm.android"
4    android:versionCode="1"
5    android:versionName="1.0" >
6
7    <uses-sdk
8        android:minSdkVersion="24"
9        android:targetSdkVersion="34" />
10
11    <application
11-->src/main/AndroidManifest.xml:4:5-14:19
12        android:debuggable="true"
13        android:extractNativeLibs="false"
14        android:icon="@mipmap/ic_launcher"
14-->src/main/AndroidManifest.xml:6:9-43
15        android:label="AppKMM" >
15-->src/main/AndroidManifest.xml:5:9-31
16        <activity
16-->src/main/AndroidManifest.xml:7:9-13:20
17            android:name="com.appkmm.android.MainActivity"
17-->src/main/AndroidManifest.xml:7:19-47
18            android:exported="true" >
18-->src/main/AndroidManifest.xml:8:13-36
19            <intent-filter>
19-->src/main/AndroidManifest.xml:9:13-12:29
20                <action android:name="android.intent.action.MAIN" />
20-->src/main/AndroidManifest.xml:10:17-68
20-->src/main/AndroidManifest.xml:10:25-66
21
22                <category android:name="android.intent.category.LAUNCHER" />
22-->src/main/AndroidManifest.xml:11:17-76
22-->src/main/AndroidManifest.xml:11:27-74
23            </intent-filter>
24        </activity>
25    </application>
26
27</manifest>